<?xml version="1.0" encoding="UTF-8"?>
<!-- Generated by org.testng.reporters.JUnitReportReporter -->
<testsuite hostname="DESKTOP-MBJVQGU" failures="0" tests="1" name="cucumber.TestNGTestRunner" time="37.912" errors="0" timestamp="2022-10-20T09:39:48 IST" skipped="0">
  <testcase classname="cucumber.TestNGTestRunner" name="runScenario" time="37.912"/>
  <system-out/>
</testsuite> <!-- cucumber.TestNGTestRunner -->
