<?xml version="1.0" encoding="UTF-8"?>
<!-- Generated by org.testng.reporters.JUnitReportReporter -->
<testsuite hostname="DESKTOP-MBJVQGU" failures="0" tests="1" name="ProjectNew.StandAloneTest" time="58.628" errors="0" timestamp="2022-10-18T21:35:19 IST" skipped="0">
  <testcase classname="ProjectNew.StandAloneTest" name="cheakBorrowIstimate" time="58.628"/>
  <system-out/>
</testsuite> <!-- ProjectNew.StandAloneTest -->
