<?xml version="1.0" encoding="UTF-8"?>
<!-- Generated by org.testng.reporters.JUnitReportReporter -->
<testsuite hostname="DESKTOP-MBJVQGU" failures="0" tests="1" name="cucumber.TestNGTestRunner" time="55.777" errors="0" timestamp="2022-10-19T07:14:17 IST" skipped="0">
  <testcase classname="cucumber.TestNGTestRunner" name="runScenario" time="55.777"/>
  <system-out/>
</testsuite> <!-- cucumber.TestNGTestRunner -->
