<?xml version="1.0" encoding="UTF-8"?>
<!-- Generated by org.testng.reporters.JUnitReportReporter -->
<testsuite hostname="DESKTOP-MBJVQGU" failures="0" tests="1" name="ProjectNew.StandAloneTest" time="43.023" errors="0" timestamp="2022-10-20T09:57:53 IST" skipped="0">
  <testcase classname="ProjectNew.StandAloneTest" name="cheakBorrowIstimate" time="43.023"/>
  <system-out/>
</testsuite> <!-- ProjectNew.StandAloneTest -->
